2024-03-17T21:55:16.024-03:00  INFO 59024 --- [ms-product] [restartedMain] c.tekton.msproduct.MsProductApplication  : Starting MsProductApplication using Java 21.0.2 with PID 59024 (/Users/julianmojico/projects/ms-product/build/classes/java/main started by julianmojico in /Users/julianmojico/projects/ms-product)
2024-03-17T21:55:16.025-03:00  INFO 59024 --- [ms-product] [restartedMain] c.tekton.msproduct.MsProductApplication  : No active profile set, falling back to 1 default profile: "default"
2024-03-17T21:55:16.067-03:00  INFO 59024 --- [ms-product] [restartedMain] .e.DevToolsPropertyDefaultsPostProcessor : Devtools property defaults active! Set 'spring.devtools.add-properties' to 'false' to disable
2024-03-17T21:55:16.068-03:00  INFO 59024 --- [ms-product] [restartedMain] .e.DevToolsPropertyDefaultsPostProcessor : For additional web related logging consider setting the 'logging.level.web' property to 'DEBUG'
2024-03-17T21:55:17.440-03:00  INFO 59024 --- [ms-product] [restartedMain] .s.d.r.c.RepositoryConfigurationDelegate : Bootstrapping Spring Data JPA repositories in DEFAULT mode.
2024-03-17T21:55:17.485-03:00  INFO 59024 --- [ms-product] [restartedMain] .s.d.r.c.RepositoryConfigurationDelegate : Finished Spring Data repository scanning in 36 ms. Found 1 JPA repository interface.
2024-03-17T21:55:18.230-03:00  INFO 59024 --- [ms-product] [restartedMain] o.s.b.w.embedded.tomcat.TomcatWebServer  : Tomcat initialized with port 8080 (http)
2024-03-17T21:55:18.242-03:00  INFO 59024 --- [ms-product] [restartedMain] o.apache.catalina.core.StandardService   : Starting service [Tomcat]
2024-03-17T21:55:18.243-03:00  INFO 59024 --- [ms-product] [restartedMain] o.apache.catalina.core.StandardEngine    : Starting Servlet engine: [Apache Tomcat/10.1.19]
2024-03-17T21:55:18.291-03:00  INFO 59024 --- [ms-product] [restartedMain] o.a.c.c.C.[Tomcat].[localhost].[/]       : Initializing Spring embedded WebApplicationContext
2024-03-17T21:55:18.291-03:00  INFO 59024 --- [ms-product] [restartedMain] w.s.c.ServletWebServerApplicationContext : Root WebApplicationContext: initialization completed in 2223 ms
2024-03-17T21:55:18.341-03:00  INFO 59024 --- [ms-product] [restartedMain] com.zaxxer.hikari.HikariDataSource       : HikariPool-1 - Starting...
2024-03-17T21:55:18.611-03:00  INFO 59024 --- [ms-product] [restartedMain] com.zaxxer.hikari.pool.HikariPool        : HikariPool-1 - Added connection conn0: url=jdbc:h2:file:./db/product user=SA
2024-03-17T21:55:18.612-03:00  INFO 59024 --- [ms-product] [restartedMain] com.zaxxer.hikari.HikariDataSource       : HikariPool-1 - Start completed.
2024-03-17T21:55:18.623-03:00  INFO 59024 --- [ms-product] [restartedMain] o.s.b.a.h2.H2ConsoleAutoConfiguration    : H2 console available at '/h2-console'. Database available at 'jdbc:h2:file:./db/product'
2024-03-17T21:55:18.759-03:00  INFO 59024 --- [ms-product] [restartedMain] o.hibernate.jpa.internal.util.LogHelper  : HHH000204: Processing PersistenceUnitInfo [name: default]
2024-03-17T21:55:18.813-03:00  INFO 59024 --- [ms-product] [restartedMain] org.hibernate.Version                    : HHH000412: Hibernate ORM core version 6.4.4.Final
2024-03-17T21:55:18.848-03:00  INFO 59024 --- [ms-product] [restartedMain] o.h.c.internal.RegionFactoryInitiator    : HHH000026: Second-level cache disabled
2024-03-17T21:55:19.093-03:00  INFO 59024 --- [ms-product] [restartedMain] o.s.o.j.p.SpringPersistenceUnitInfo      : No LoadTimeWeaver setup: ignoring JPA class transformer
2024-03-17T21:55:19.142-03:00  WARN 59024 --- [ms-product] [restartedMain] org.hibernate.orm.deprecation            : HHH90000025: H2Dialect does not need to be specified explicitly using 'hibernate.dialect' (remove the property setting and it will be selected by default)
2024-03-17T21:55:19.984-03:00  INFO 59024 --- [ms-product] [restartedMain] o.h.e.t.j.p.i.JtaPlatformInitiator       : HHH000489: No JTA platform available (set 'hibernate.transaction.jta.platform' to enable JTA platform integration)
2024-03-17T21:55:19.987-03:00  INFO 59024 --- [ms-product] [restartedMain] j.LocalContainerEntityManagerFactoryBean : Initialized JPA EntityManagerFactory for persistence unit 'default'
2024-03-17T21:55:20.593-03:00  WARN 59024 --- [ms-product] [restartedMain] JpaBaseConfiguration$JpaWebConfiguration : spring.jpa.open-in-view is enabled by default. Therefore, database queries may be performed during view rendering. Explicitly configure spring.jpa.open-in-view to disable this warning
2024-03-17T21:55:21.654-03:00  INFO 59024 --- [ms-product] [restartedMain] o.s.b.d.a.OptionalLiveReloadServer       : LiveReload server is running on port 35729
2024-03-17T21:55:21.685-03:00  INFO 59024 --- [ms-product] [restartedMain] o.s.b.w.embedded.tomcat.TomcatWebServer  : Tomcat started on port 8080 (http) with context path ''
2024-03-17T21:55:21.693-03:00  INFO 59024 --- [ms-product] [restartedMain] c.tekton.msproduct.MsProductApplication  : Started MsProductApplication in 6.07 seconds (process running for 6.938)
2024-03-17T21:55:38.114-03:00  INFO 59024 --- [ms-product] [http-nio-8080-exec-1] o.a.c.c.C.[Tomcat].[localhost].[/]       : Initializing Spring DispatcherServlet 'dispatcherServlet'
2024-03-17T21:55:38.115-03:00  INFO 59024 --- [ms-product] [http-nio-8080-exec-1] o.s.web.servlet.DispatcherServlet        : Initializing Servlet 'dispatcherServlet'
2024-03-17T21:55:38.116-03:00  INFO 59024 --- [ms-product] [http-nio-8080-exec-1] o.s.web.servlet.DispatcherServlet        : Completed initialization in 1 ms
2024-03-17T21:55:38.159-03:00  INFO 59024 --- [ms-product] [http-nio-8080-exec-1] c.t.m.config.RequestLoggingAspect        : Request received at: 1710723338159
2024-03-17T21:55:38.251-03:00  INFO 59024 --- [ms-product] [http-nio-8080-exec-1] c.t.m.config.RequestLoggingAspect        : Request processed at: 1710723338251
2024-03-17T21:55:40.232-03:00  INFO 59024 --- [ms-product] [http-nio-8080-exec-2] c.t.m.config.RequestLoggingAspect        : Request received at: 1710723340232
2024-03-17T21:55:40.280-03:00  INFO 59024 --- [ms-product] [http-nio-8080-exec-2] c.t.m.config.RequestLoggingAspect        : Request processed at: 1710723340280
2024-03-17T21:55:43.912-03:00  INFO 59024 --- [ms-product] [http-nio-8080-exec-3] c.t.m.config.RequestLoggingAspect        : Request received at: 1710723343912
2024-03-17T21:55:43.918-03:00  INFO 59024 --- [ms-product] [http-nio-8080-exec-3] c.t.m.config.RequestLoggingAspect        : Request processed at: 1710723343918
2024-03-17T21:57:47.098-03:00  INFO 59024 --- [ms-product] [SpringApplicationShutdownHook] j.LocalContainerEntityManagerFactoryBean : Closing JPA EntityManagerFactory for persistence unit 'default'
2024-03-17T21:57:47.109-03:00  INFO 59024 --- [ms-product] [SpringApplicationShutdownHook] com.zaxxer.hikari.HikariDataSource       : HikariPool-1 - Shutdown initiated...
2024-03-17T21:57:47.129-03:00  INFO 59024 --- [ms-product] [SpringApplicationShutdownHook] com.zaxxer.hikari.HikariDataSource       : HikariPool-1 - Shutdown completed.
2024-03-17T21:57:49.821-03:00  INFO 59254 --- [ms-product] [restartedMain] c.tekton.msproduct.MsProductApplication  : Starting MsProductApplication using Java 21.0.2 with PID 59254 (/Users/julianmojico/projects/ms-product/build/classes/java/main started by julianmojico in /Users/julianmojico/projects/ms-product)
2024-03-17T21:57:49.822-03:00  INFO 59254 --- [ms-product] [restartedMain] c.tekton.msproduct.MsProductApplication  : No active profile set, falling back to 1 default profile: "default"
2024-03-17T21:57:49.867-03:00  INFO 59254 --- [ms-product] [restartedMain] .e.DevToolsPropertyDefaultsPostProcessor : Devtools property defaults active! Set 'spring.devtools.add-properties' to 'false' to disable
2024-03-17T21:57:49.867-03:00  INFO 59254 --- [ms-product] [restartedMain] .e.DevToolsPropertyDefaultsPostProcessor : For additional web related logging consider setting the 'logging.level.web' property to 'DEBUG'
2024-03-17T21:57:50.592-03:00  INFO 59254 --- [ms-product] [restartedMain] .s.d.r.c.RepositoryConfigurationDelegate : Bootstrapping Spring Data JPA repositories in DEFAULT mode.
2024-03-17T21:57:50.640-03:00  INFO 59254 --- [ms-product] [restartedMain] .s.d.r.c.RepositoryConfigurationDelegate : Finished Spring Data repository scanning in 39 ms. Found 1 JPA repository interface.
2024-03-17T21:57:51.401-03:00  INFO 59254 --- [ms-product] [restartedMain] o.s.b.w.embedded.tomcat.TomcatWebServer  : Tomcat initialized with port 8080 (http)
2024-03-17T21:57:51.413-03:00  INFO 59254 --- [ms-product] [restartedMain] o.apache.catalina.core.StandardService   : Starting service [Tomcat]
2024-03-17T21:57:51.413-03:00  INFO 59254 --- [ms-product] [restartedMain] o.apache.catalina.core.StandardEngine    : Starting Servlet engine: [Apache Tomcat/10.1.19]
2024-03-17T21:57:51.451-03:00  INFO 59254 --- [ms-product] [restartedMain] o.a.c.c.C.[Tomcat].[localhost].[/]       : Initializing Spring embedded WebApplicationContext
2024-03-17T21:57:51.452-03:00  INFO 59254 --- [ms-product] [restartedMain] w.s.c.ServletWebServerApplicationContext : Root WebApplicationContext: initialization completed in 1583 ms
2024-03-17T21:57:51.490-03:00  INFO 59254 --- [ms-product] [restartedMain] com.zaxxer.hikari.HikariDataSource       : HikariPool-1 - Starting...
2024-03-17T21:57:51.730-03:00  INFO 59254 --- [ms-product] [restartedMain] com.zaxxer.hikari.pool.HikariPool        : HikariPool-1 - Added connection conn0: url=jdbc:h2:file:./db/product user=SA
2024-03-17T21:57:51.733-03:00  INFO 59254 --- [ms-product] [restartedMain] com.zaxxer.hikari.HikariDataSource       : HikariPool-1 - Start completed.
2024-03-17T21:57:51.745-03:00  INFO 59254 --- [ms-product] [restartedMain] o.s.b.a.h2.H2ConsoleAutoConfiguration    : H2 console available at '/h2-console'. Database available at 'jdbc:h2:file:./db/product'
2024-03-17T21:57:51.885-03:00  INFO 59254 --- [ms-product] [restartedMain] o.hibernate.jpa.internal.util.LogHelper  : HHH000204: Processing PersistenceUnitInfo [name: default]
2024-03-17T21:57:51.940-03:00  INFO 59254 --- [ms-product] [restartedMain] org.hibernate.Version                    : HHH000412: Hibernate ORM core version 6.4.4.Final
2024-03-17T21:57:51.978-03:00  INFO 59254 --- [ms-product] [restartedMain] o.h.c.internal.RegionFactoryInitiator    : HHH000026: Second-level cache disabled
2024-03-17T21:57:52.238-03:00  INFO 59254 --- [ms-product] [restartedMain] o.s.o.j.p.SpringPersistenceUnitInfo      : No LoadTimeWeaver setup: ignoring JPA class transformer
2024-03-17T21:57:52.293-03:00  WARN 59254 --- [ms-product] [restartedMain] org.hibernate.orm.deprecation            : HHH90000025: H2Dialect does not need to be specified explicitly using 'hibernate.dialect' (remove the property setting and it will be selected by default)
2024-03-17T21:57:53.125-03:00  INFO 59254 --- [ms-product] [restartedMain] o.h.e.t.j.p.i.JtaPlatformInitiator       : HHH000489: No JTA platform available (set 'hibernate.transaction.jta.platform' to enable JTA platform integration)
2024-03-17T21:57:53.128-03:00  INFO 59254 --- [ms-product] [restartedMain] j.LocalContainerEntityManagerFactoryBean : Initialized JPA EntityManagerFactory for persistence unit 'default'
2024-03-17T21:57:53.698-03:00  WARN 59254 --- [ms-product] [restartedMain] JpaBaseConfiguration$JpaWebConfiguration : spring.jpa.open-in-view is enabled by default. Therefore, database queries may be performed during view rendering. Explicitly configure spring.jpa.open-in-view to disable this warning
2024-03-17T21:57:54.801-03:00  INFO 59254 --- [ms-product] [restartedMain] o.s.b.d.a.OptionalLiveReloadServer       : LiveReload server is running on port 35729
2024-03-17T21:57:54.835-03:00  INFO 59254 --- [ms-product] [restartedMain] o.s.b.w.embedded.tomcat.TomcatWebServer  : Tomcat started on port 8080 (http) with context path ''
2024-03-17T21:57:54.843-03:00  INFO 59254 --- [ms-product] [restartedMain] c.tekton.msproduct.MsProductApplication  : Started MsProductApplication in 5.383 seconds (process running for 6.238)
2024-03-17T21:58:13.650-03:00  INFO 59254 --- [ms-product] [http-nio-8080-exec-1] o.a.c.c.C.[Tomcat].[localhost].[/]       : Initializing Spring DispatcherServlet 'dispatcherServlet'
2024-03-17T21:58:13.651-03:00  INFO 59254 --- [ms-product] [http-nio-8080-exec-1] o.s.web.servlet.DispatcherServlet        : Initializing Servlet 'dispatcherServlet'
2024-03-17T21:58:13.653-03:00  INFO 59254 --- [ms-product] [http-nio-8080-exec-1] o.s.web.servlet.DispatcherServlet        : Completed initialization in 2 ms
2024-03-17T21:58:13.694-03:00  INFO 59254 --- [ms-product] [http-nio-8080-exec-1] c.t.m.config.RequestLoggingAspect        : Request received at: 1710723493694
2024-03-17T21:58:13.802-03:00  INFO 59254 --- [ms-product] [http-nio-8080-exec-1] c.t.m.config.RequestLoggingAspect        : Request processed at: 1710723493802
2024-03-17T21:58:15.871-03:00  INFO 59254 --- [ms-product] [http-nio-8080-exec-2] c.t.m.config.RequestLoggingAspect        : Request received at: 1710723495871
2024-03-17T21:58:15.909-03:00  INFO 59254 --- [ms-product] [http-nio-8080-exec-2] c.t.m.config.RequestLoggingAspect        : Request processed at: 1710723495909
2024-03-17T22:49:20.911-03:00  WARN 59254 --- [ms-product] [HikariPool-1 housekeeper] com.zaxxer.hikari.pool.HikariPool        : HikariPool-1 - Thread starvation or clock leap detected (housekeeper delta=48m59s37ms).
2024-03-17T23:06:33.466-03:00  INFO 59254 --- [ms-product] [SpringApplicationShutdownHook] j.LocalContainerEntityManagerFactoryBean : Closing JPA EntityManagerFactory for persistence unit 'default'
2024-03-17T23:06:33.477-03:00  INFO 59254 --- [ms-product] [SpringApplicationShutdownHook] com.zaxxer.hikari.HikariDataSource       : HikariPool-1 - Shutdown initiated...
2024-03-17T23:06:33.495-03:00  INFO 59254 --- [ms-product] [SpringApplicationShutdownHook] com.zaxxer.hikari.HikariDataSource       : HikariPool-1 - Shutdown completed.
